<?xml version="1.0" encoding="UTF-8"?>
<!-- Generated by org.testng.reporters.JUnitReportReporter -->
<testsuite hostname="Quresh" failures="0" tests="1" name="tests.PurchaseTest" time="2.357" errors="0" timestamp="2025-10-03T21:38:13 IST" skipped="0">
  <testcase classname="tests.PurchaseTest" name="testPurchaseFlow" time="2.357"/>
</testsuite> <!-- tests.PurchaseTest -->
